./graph/embed.py:32:import qcelemental as qce
./graph/embed.py:33:from qcelemental import constants as qcc
./graph/embed.py:34:from qcelemental import periodictable as pt
./graph/embed.py:192:    rad = qce.vdwradii.get(sym, units='angstrom')
./graph/_igraph.py:5:from qcelemental import periodictable as pt
./graph/_graph.py:8:from qcelemental import periodictable as pt
./vmat.py:8:from qcelemental import periodictable as pt
./zmat/_zmat.py:4:from qcelemental import constants as qcc
./geom/ts.py:5:from qcelemental import constants as qcc
./geom/_geom.py:7:from qcelemental import periodictable as pt
./geom/_geom.py:8:from qcelemental import constants as qcc
./create/vmat.py:4:from qcelemental import periodictable as pt
./create/zmat.py:4:from qcelemental import constants as qcc
./create/graph.py:3:from qcelemental import periodictable as pt
./create/geom.py:4:from qcelemental import periodictable as pt
./create/geom.py:5:from qcelemental import constants as qcc
./reac/_find.py:11:from qcelemental import constants as qcc
./convert/_util.py:3:from qcelemental import periodictable as pt
./convert/inchi.py:5:from qcelemental import constants as qcc
./convert/_pybel.py:4:from qcelemental import periodictable as pt
